<?xml version="1.0" encoding="UTF-8"?>
<!-- Generated by org.testng.reporters.JUnitReportReporter -->
<testsuite hostname="DESKTOP-G7RJ9IF" failures="0" tests="1" name="hust.cs.javacourse.search.parse.PatternTermTupleFilterTest" time="0.000" errors="0" timestamp="09 5æœˆ 2021 08:12:51 GMT" skipped="1">
  <testcase classname="hust.cs.javacourse.search.parse.PatternTermTupleFilterTest" name="testNext" time="0.000">
    <skipped/>
  </testcase> <!-- testNext -->
</testsuite> <!-- hust.cs.javacourse.search.parse.PatternTermTupleFilterTest -->
